<?xml version="1.0" encoding="utf-8"?><testsuites name="pytest tests"><testsuite name="pytest" errors="0" failures="1" skipped="0" tests="8" time="10.436" timestamp="2026-01-17T06:56:57.390387+00:00" hostname="agent-env-1b538c31-6b83-4798-9720-4d8bf458fc8c"><testcase classname="tests.test_assign_gestor_and_visor.TestLoginAndAuth" name="test_admin_login_success" time="0.295" /><testcase classname="tests.test_assign_gestor_and_visor.TestGestoresEndpoint" name="test_get_gestores_list" time="0.304" /><testcase classname="tests.test_assign_gestor_and_visor.TestAssignGestorEndpoint" name="test_assign_gestor_endpoint_exists" time="0.761" /><testcase classname="tests.test_assign_gestor_and_visor.TestAssignGestorEndpoint" name="test_assign_gestor_with_invalid_petition" time="0.335" /><testcase classname="tests.test_assign_gestor_and_visor.TestPetitionUpdateWithGestor" name="test_update_petition_to_asignado_state" time="0.806" /><testcase classname="tests.test_assign_gestor_and_visor.TestVisorPrediosEndpoints" name="test_predios_endpoint" time="0.688" /><testcase classname="tests.test_assign_gestor_and_visor.TestVisorPrediosEndpoints" name="test_municipios_endpoint" time="0.292"><failure message="AssertionError: Failed to get municipios: {&quot;detail&quot;:&quot;Not Found&quot;}&#10;assert 404 == 200&#10; +  where 404 = &lt;Response [404]&gt;.status_code">tests/test_assign_gestor_and_visor.py:242: in test_municipios_endpoint
    assert response.status_code == 200, f"Failed to get municipios: {response.text}"
E   AssertionError: Failed to get municipios: {"detail":"Not Found"}
E   assert 404 == 200
E    +  where 404 = &lt;Response [404]&gt;.status_code</failure></testcase><testcase classname="tests.test_assign_gestor_and_visor.TestVisorPrediosEndpoints" name="test_gdb_limites_municipios" time="6.733" /></testsuite></testsuites>