<?xml version="1.0" encoding="utf-8"?><testsuites name="pytest tests"><testsuite name="pytest" errors="0" failures="3" skipped="2" tests="23" time="17.155" timestamp="2026-01-17T17:25:00.157624+00:00" hostname="agent-env-dee0362a-06ad-4bcd-b885-bdedf04aad3f"><testcase classname="tests.test_register_autoasignar_ortoimagenes.TestUserRegistration" name="test_register_new_user_requires_verification" time="4.366" /><testcase classname="tests.test_register_autoasignar_ortoimagenes.TestUserRegistration" name="test_register_invalid_password_too_short" time="0.042" /><testcase classname="tests.test_register_autoasignar_ortoimagenes.TestUserRegistration" name="test_register_invalid_password_no_uppercase" time="0.041" /><testcase classname="tests.test_register_autoasignar_ortoimagenes.TestUserRegistration" name="test_register_invalid_password_no_lowercase" time="3.141" /><testcase classname="tests.test_register_autoasignar_ortoimagenes.TestUserRegistration" name="test_register_invalid_password_no_number" time="0.063" /><testcase classname="tests.test_register_autoasignar_ortoimagenes.TestUserRegistration" name="test_register_duplicate_email_verified" time="0.039" /><testcase classname="tests.test_register_autoasignar_ortoimagenes.TestUserRegistration" name="test_register_formats_name_properly" time="0.258" /><testcase classname="tests.test_register_autoasignar_ortoimagenes.TestAutoAsignacion" name="test_auto_asignar_requires_auth" time="4.383" /><testcase classname="tests.test_register_autoasignar_ortoimagenes.TestAutoAsignacion" name="test_auto_asignar_petition_not_found" time="0.273" /><testcase classname="tests.test_register_autoasignar_ortoimagenes.TestAutoAsignacion" name="test_auto_asignar_success_flow" time="0.732"><failure message="AttributeError: 'list' object has no attribute 'get'">tests/test_register_autoasignar_ortoimagenes.py:177: in test_auto_asignar_success_flow
    petitions = petitions_response.json().get("petitions", [])
                ^^^^^^^^^^^^^^^^^^^^^^^^^^^^^
E   AttributeError: 'list' object has no attribute 'get'</failure></testcase><testcase classname="tests.test_register_autoasignar_ortoimagenes.TestAutoAsignacion" name="test_auto_asignar_updates_petition_state" time="0.276"><skipped type="pytest.skip" message="Could not create test petition">/app/tests/test_register_autoasignar_ortoimagenes.py:220: Could not create test petition</skipped></testcase><testcase classname="tests.test_register_autoasignar_ortoimagenes.TestOrtoimagenesEndpoints" name="test_ortoimagenes_disponibles_returns_list" time="0.273" /><testcase classname="tests.test_register_autoasignar_ortoimagenes.TestOrtoimagenesEndpoints" name="test_ortoimagenes_disponibles_structure" time="0.270" /><testcase classname="tests.test_register_autoasignar_ortoimagenes.TestOrtoimagenesEndpoints" name="test_ortoimagenes_progreso_invalid_id" time="0.268" /><testcase classname="tests.test_register_autoasignar_ortoimagenes.TestOrtoimagenesEndpoints" name="test_ortoimagenes_eliminar_requires_auth" time="0.335" /><testcase classname="tests.test_register_autoasignar_ortoimagenes.TestOrtoimagenesEndpoints" name="test_ortoimagenes_eliminar_not_found" time="0.355" /><testcase classname="tests.test_register_autoasignar_ortoimagenes.TestOrtoimagenesEndpoints" name="test_ortoimagenes_subir_requires_auth" time="0.293" /><testcase classname="tests.test_register_autoasignar_ortoimagenes.TestOrtoimagenesEndpoints" name="test_ortoimagenes_subir_requires_geotiff" time="0.299" /><testcase classname="tests.test_register_autoasignar_ortoimagenes.TestOrtoimagenesEndpoints" name="test_ortoimagenes_tiles_endpoint" time="0.315"><skipped type="pytest.skip" message="No ortoimagenes available for testing">/app/tests/test_register_autoasignar_ortoimagenes.py:357: No ortoimagenes available for testing</skipped></testcase><testcase classname="tests.test_register_autoasignar_ortoimagenes.TestVerifyEmailEndpoint" name="test_verify_email_invalid_code" time="0.037" /><testcase classname="tests.test_register_autoasignar_ortoimagenes.TestVerifyEmailEndpoint" name="test_resend_verification_nonexistent_user" time="0.037" /><testcase classname="tests.test_register_autoasignar_ortoimagenes.TestPetitionsEndpoints" name="test_create_petition_success" time="0.311"><failure message="AssertionError: Expected 200 or 201, got 422&#10;assert 422 in [200, 201]&#10; +  where 422 = &lt;Response [422]&gt;.status_code">tests/test_register_autoasignar_ortoimagenes.py:427: in test_create_petition_success
    assert response.status_code in [200, 201], f"Expected 200 or 201, got {response.status_code}"
E   AssertionError: Expected 200 or 201, got 422
E   assert 422 in [200, 201]
E    +  where 422 = &lt;Response [422]&gt;.status_code</failure></testcase><testcase classname="tests.test_register_autoasignar_ortoimagenes.TestPetitionsEndpoints" name="test_list_petitions" time="0.660"><failure message="AssertionError: Response should contain 'petitions'&#10;assert 'petitions' in [{'created_at': '2026-01-02T00:00:00', 'creator_email': 'zaray.villan.buendia@importado.com', 'creator_name': 'Zaray Villan Buendia', 'descripcion': 'Trámite importado - Rectificaciones', ...}, {'created_at': '2026-01-02T00:00:00', 'creator_email': 'zaray.villan.buendia@importado.com', 'creator_name': 'Zaray Villan Buendia', 'descripcion': 'Trámite importado - Rectificaciones', ...}, {'created_at': '2026-01-02T00:00:00', 'creator_email': 'zaray.villan.buendia@importado.com', 'creator_name': 'Zaray Villan Buendia', 'descripcion': 'Trámite importado - Mutación de Segunda', ...}, {'created_at': '2026-01-02T00:00:00', 'creator_email': 'zaray.villan.buendia@importado.com', 'creator_name': 'Zaray Villan Buendia', 'descripcion': 'Trámite importado - Rectificaciones', ...}, {'created_at': '2026-01-02T00:00:00', 'creator_email': 'zaray.villan.buendia@importado.com', 'creator_name': 'Zaray Villan Buendia', 'descripcion': 'Trámite importado - Rectificaciones', ...}, {'archivos': [], 'correo': 'otro@test.com', 'created_at': '2026-01-16T21:25:14.749002+00:00', 'descripcion': 'Segunda prueba consecutivo', ...}, ...]">tests/test_register_autoasignar_ortoimagenes.py:440: in test_list_petitions
    assert "petitions" in data, "Response should contain 'petitions'"
E   AssertionError: Response should contain 'petitions'
E   assert 'petitions' in [{'created_at': '2026-01-02T00:00:00', 'creator_email': 'zaray.villan.buendia@importado.com', 'creator_name': 'Zaray Villan Buendia', 'descripcion': 'Trámite importado - Rectificaciones', ...}, {'created_at': '2026-01-02T00:00:00', 'creator_email': 'zaray.villan.buendia@importado.com', 'creator_name': 'Zaray Villan Buendia', 'descripcion': 'Trámite importado - Rectificaciones', ...}, {'created_at': '2026-01-02T00:00:00', 'creator_email': 'zaray.villan.buendia@importado.com', 'creator_name': 'Zaray Villan Buendia', 'descripcion': 'Trámite importado - Mutación de Segunda', ...}, {'created_at': '2026-01-02T00:00:00', 'creator_email': 'zaray.villan.buendia@importado.com', 'creator_name': 'Zaray Villan Buendia', 'descripcion': 'Trámite importado - Rectificaciones', ...}, {'created_at': '2026-01-02T00:00:00', 'creator_email': 'zaray.villan.buendia@importado.com', 'creator_name': 'Zaray Villan Buendia', 'descripcion': 'Trámite importado - Rectificaciones', ...}, {'archivos': [], 'correo': 'otro@test.com', 'created_at': '2026-01-16T21:25:14.749002+00:00', 'descripcion': 'Segunda prueba consecutivo', ...}, ...]</failure></testcase></testsuite></testsuites>