<?xml version="1.0" encoding="utf-8"?><testsuites name="pytest tests"><testsuite name="pytest" errors="0" failures="0" skipped="0" tests="10" time="5.217" timestamp="2026-01-17T03:27:24.710788+00:00" hostname="agent-env-d3d009ae-fb9d-464e-8ac1-a92bf14ffd51"><testcase classname="tests.test_notifications_and_dashboard.TestAuth" name="test_admin_login" time="0.337" /><testcase classname="tests.test_notifications_and_dashboard.TestDashboardStats" name="test_dashboard_stats_returns_all_states" time="0.326" /><testcase classname="tests.test_notifications_and_dashboard.TestDashboardStats" name="test_devuelto_count_matches_actual_petitions" time="0.817" /><testcase classname="tests.test_notifications_and_dashboard.TestNotifications" name="test_get_notifications" time="0.303" /><testcase classname="tests.test_notifications_and_dashboard.TestNotifications" name="test_mark_notification_as_read" time="0.385" /><testcase classname="tests.test_notifications_and_dashboard.TestNotifications" name="test_mark_all_notifications_as_read" time="0.349" /><testcase classname="tests.test_notifications_and_dashboard.TestNotifications" name="test_mark_invalid_notification_returns_404" time="0.302" /><testcase classname="tests.test_notifications_and_dashboard.TestPetitionsFiltering" name="test_get_all_petitions" time="0.718" /><testcase classname="tests.test_notifications_and_dashboard.TestPetitionsFiltering" name="test_devuelto_petitions_exist" time="0.684" /><testcase classname="tests.test_notifications_and_dashboard.TestPetitionsFiltering" name="test_all_states_have_correct_counts" time="0.776" /></testsuite></testsuites>