<?xml version="1.0" encoding="utf-8"?><testsuites name="pytest tests"><testsuite name="pytest" errors="0" failures="2" skipped="0" tests="10" time="6.147" timestamp="2026-01-17T03:50:30.632520+00:00" hostname="agent-env-d3d009ae-fb9d-464e-8ac1-a92bf14ffd51"><testcase classname="tests.test_devolucion_and_names.TestPetitionDevolucionFlow" name="test_get_devuelto_petition" time="0.429" /><testcase classname="tests.test_devolucion_and_names.TestPetitionDevolucionFlow" name="test_reenviar_petition_as_owner" time="0.443" /><testcase classname="tests.test_devolucion_and_names.TestPetitionDevolucionFlow" name="test_reenviar_petition_as_non_owner_fails" time="1.470"><failure message="AssertionError: Expected 403 for non-owner, got 200: {&quot;message&quot;:&quot;Petición reenviada exitosamente para revisión&quot;}&#10;assert 200 == 403&#10; +  where 200 = &lt;Response [200]&gt;.status_code">tests/test_devolucion_and_names.py:143: in test_reenviar_petition_as_non_owner_fails
    assert response.status_code == 403, f"Expected 403 for non-owner, got {response.status_code}: {response.text}"
E   AssertionError: Expected 403 for non-owner, got 200: {"message":"Petición reenviada exitosamente para revisión"}
E   assert 200 == 403
E    +  where 200 = &lt;Response [200]&gt;.status_code</failure></testcase><testcase classname="tests.test_devolucion_and_names.TestPetitionDevolucionFlow" name="test_reenviar_non_devuelto_petition_fails" time="0.803"><failure message="AssertionError: Expected 400 or 403, got 520: Internal Server Error&#10;assert 520 in [400, 403]&#10; +  where 520 = &lt;Response [520]&gt;.status_code">tests/test_devolucion_and_names.py:164: in test_reenviar_non_devuelto_petition_fails
    assert response.status_code in [400, 403], f"Expected 400 or 403, got {response.status_code}: {response.text}"
E   AssertionError: Expected 400 or 403, got 520: Internal Server Error
E   assert 520 in [400, 403]
E    +  where 520 = &lt;Response [520]&gt;.status_code</failure></testcase><testcase classname="tests.test_devolucion_and_names.TestPatchPetitionDevuelto" name="test_patch_petition_to_devuelto_saves_observaciones" time="0.858" /><testcase classname="tests.test_devolucion_and_names.TestUserNameFormatting" name="test_format_user_names_endpoint" time="0.324" /><testcase classname="tests.test_devolucion_and_names.TestUserNameFormatting" name="test_format_user_names_requires_admin" time="0.039" /><testcase classname="tests.test_devolucion_and_names.TestUserNameFormatting" name="test_register_formats_name" time="0.624" /><testcase classname="tests.test_devolucion_and_names.TestDashboardStats" name="test_dashboard_stats_includes_devuelto" time="0.360" /><testcase classname="tests.test_devolucion_and_names.TestNotificationsOnReenviar" name="test_notification_created_on_reenviar" time="0.332" /></testsuite></testsuites>