<?xml version="1.0" encoding="utf-8"?><testsuites name="pytest tests"><testsuite name="pytest" errors="0" failures="0" skipped="0" tests="14" time="3.257" timestamp="2026-01-17T17:07:35.316750+00:00" hostname="agent-env-dee0362a-06ad-4bcd-b885-bdedf04aad3f"><testcase classname="tests.test_ortoimagenes_and_session.TestOrtoimagenes" name="test_ortoimagenes_disponibles_returns_list" time="0.077" /><testcase classname="tests.test_ortoimagenes_and_session.TestOrtoimagenes" name="test_ortoimagenes_disponibles_contains_ocana" time="0.039" /><testcase classname="tests.test_ortoimagenes_and_session.TestOrtoimagenes" name="test_ortoimagenes_tiles_nonexistent_returns_204" time="0.036" /><testcase classname="tests.test_ortoimagenes_and_session.TestOrtoimagenes" name="test_ortoimagenes_tiles_invalid_id_returns_404" time="0.077" /><testcase classname="tests.test_ortoimagenes_and_session.TestOrtoimagenes" name="test_ortoimagenes_tiles_valid_tile_exists" time="0.041" /><testcase classname="tests.test_ortoimagenes_and_session.TestAuthentication" name="test_login_success" time="0.260" /><testcase classname="tests.test_ortoimagenes_and_session.TestAuthentication" name="test_login_invalid_credentials" time="0.079" /><testcase classname="tests.test_ortoimagenes_and_session.TestAuthentication" name="test_auth_me_with_valid_token" time="0.273" /><testcase classname="tests.test_ortoimagenes_and_session.TestDashboardEndpoints" name="test_gdb_stats_endpoint" time="0.309" /><testcase classname="tests.test_ortoimagenes_and_session.TestDashboardEndpoints" name="test_gdb_limites_municipios_endpoint" time="0.311" /><testcase classname="tests.test_ortoimagenes_and_session.TestDashboardEndpoints" name="test_predios_search_endpoint" time="0.676" /><testcase classname="tests.test_ortoimagenes_and_session.TestDashboardEndpoints" name="test_notificaciones_endpoint" time="0.270" /><testcase classname="tests.test_ortoimagenes_and_session.TestVisorPrediosEndpoints" name="test_gdb_geometrias_endpoint" time="0.316" /><testcase classname="tests.test_ortoimagenes_and_session.TestVisorPrediosEndpoints" name="test_verificar_carga_mes_endpoint" time="0.355" /></testsuite></testsuites>