<?xml version="1.0" encoding="utf-8"?><testsuites name="pytest tests"><testsuite name="pytest" errors="0" failures="0" skipped="1" tests="23" time="6.370" timestamp="2026-01-17T17:27:00.841248+00:00" hostname="agent-env-dee0362a-06ad-4bcd-b885-bdedf04aad3f"><testcase classname="tests.test_register_autoasignar_ortoimagenes.TestUserRegistration" name="test_register_new_user_requires_verification" time="0.278" /><testcase classname="tests.test_register_autoasignar_ortoimagenes.TestUserRegistration" name="test_register_invalid_password_too_short" time="0.039" /><testcase classname="tests.test_register_autoasignar_ortoimagenes.TestUserRegistration" name="test_register_invalid_password_no_uppercase" time="0.077" /><testcase classname="tests.test_register_autoasignar_ortoimagenes.TestUserRegistration" name="test_register_invalid_password_no_lowercase" time="0.039" /><testcase classname="tests.test_register_autoasignar_ortoimagenes.TestUserRegistration" name="test_register_invalid_password_no_number" time="0.040" /><testcase classname="tests.test_register_autoasignar_ortoimagenes.TestUserRegistration" name="test_register_duplicate_email_verified" time="0.079" /><testcase classname="tests.test_register_autoasignar_ortoimagenes.TestUserRegistration" name="test_register_formats_name_properly" time="0.260" /><testcase classname="tests.test_register_autoasignar_ortoimagenes.TestAutoAsignacion" name="test_auto_asignar_requires_auth" time="0.297" /><testcase classname="tests.test_register_autoasignar_ortoimagenes.TestAutoAsignacion" name="test_auto_asignar_petition_not_found" time="0.273" /><testcase classname="tests.test_register_autoasignar_ortoimagenes.TestAutoAsignacion" name="test_auto_asignar_success_flow" time="0.741" /><testcase classname="tests.test_register_autoasignar_ortoimagenes.TestAutoAsignacion" name="test_auto_asignar_updates_petition_state" time="0.726" /><testcase classname="tests.test_register_autoasignar_ortoimagenes.TestOrtoimagenesEndpoints" name="test_ortoimagenes_disponibles_returns_list" time="0.275" /><testcase classname="tests.test_register_autoasignar_ortoimagenes.TestOrtoimagenesEndpoints" name="test_ortoimagenes_disponibles_structure" time="0.308" /><testcase classname="tests.test_register_autoasignar_ortoimagenes.TestOrtoimagenesEndpoints" name="test_ortoimagenes_progreso_invalid_id" time="0.269" /><testcase classname="tests.test_register_autoasignar_ortoimagenes.TestOrtoimagenesEndpoints" name="test_ortoimagenes_eliminar_requires_auth" time="0.290" /><testcase classname="tests.test_register_autoasignar_ortoimagenes.TestOrtoimagenesEndpoints" name="test_ortoimagenes_eliminar_not_found" time="0.310" /><testcase classname="tests.test_register_autoasignar_ortoimagenes.TestOrtoimagenesEndpoints" name="test_ortoimagenes_subir_requires_auth" time="0.326" /><testcase classname="tests.test_register_autoasignar_ortoimagenes.TestOrtoimagenesEndpoints" name="test_ortoimagenes_subir_requires_geotiff" time="0.334" /><testcase classname="tests.test_register_autoasignar_ortoimagenes.TestOrtoimagenesEndpoints" name="test_ortoimagenes_tiles_endpoint" time="0.269"><skipped type="pytest.skip" message="No ortoimagenes available for testing">/app/tests/test_register_autoasignar_ortoimagenes.py:355: No ortoimagenes available for testing</skipped></testcase><testcase classname="tests.test_register_autoasignar_ortoimagenes.TestVerifyEmailEndpoint" name="test_verify_email_invalid_code" time="0.053" /><testcase classname="tests.test_register_autoasignar_ortoimagenes.TestVerifyEmailEndpoint" name="test_resend_verification_nonexistent_user" time="0.035" /><testcase classname="tests.test_register_autoasignar_ortoimagenes.TestPetitionsEndpoints" name="test_create_petition_success" time="0.302" /><testcase classname="tests.test_register_autoasignar_ortoimagenes.TestPetitionsEndpoints" name="test_list_petitions" time="0.664" /></testsuite></testsuites>