<?xml version="1.0" encoding="utf-8"?><testsuites name="pytest tests"><testsuite name="pytest" errors="0" failures="1" skipped="14" tests="23" time="4.944" timestamp="2026-01-17T17:23:29.999364+00:00" hostname="agent-env-dee0362a-06ad-4bcd-b885-bdedf04aad3f"><testcase classname="tests.test_register_autoasignar_ortoimagenes.TestUserRegistration" name="test_register_new_user_requires_verification" time="0.301" /><testcase classname="tests.test_register_autoasignar_ortoimagenes.TestUserRegistration" name="test_register_invalid_password_too_short" time="0.044" /><testcase classname="tests.test_register_autoasignar_ortoimagenes.TestUserRegistration" name="test_register_invalid_password_no_uppercase" time="0.041" /><testcase classname="tests.test_register_autoasignar_ortoimagenes.TestUserRegistration" name="test_register_invalid_password_no_lowercase" time="0.080" /><testcase classname="tests.test_register_autoasignar_ortoimagenes.TestUserRegistration" name="test_register_invalid_password_no_number" time="0.041" /><testcase classname="tests.test_register_autoasignar_ortoimagenes.TestUserRegistration" name="test_register_duplicate_email_verified" time="0.264"><failure message="AssertionError: Expected 400, got 200&#10;assert 200 == 400&#10; +  where 200 = &lt;Response [200]&gt;.status_code">tests/test_register_autoasignar_ortoimagenes.py:112: in test_register_duplicate_email_verified
    assert response.status_code == 400, f"Expected 400, got {response.status_code}"
E   AssertionError: Expected 400, got 200
E   assert 200 == 400
E    +  where 200 = &lt;Response [200]&gt;.status_code</failure></testcase><testcase classname="tests.test_register_autoasignar_ortoimagenes.TestUserRegistration" name="test_register_formats_name_properly" time="0.264" /><testcase classname="tests.test_register_autoasignar_ortoimagenes.TestAutoAsignacion" name="test_auto_asignar_requires_auth" time="0.257"><skipped type="pytest.skip" message="Login failed - skipping authenticated tests">/app/tests/test_register_autoasignar_ortoimagenes.py:152: Login failed - skipping authenticated tests</skipped></testcase><testcase classname="tests.test_register_autoasignar_ortoimagenes.TestAutoAsignacion" name="test_auto_asignar_petition_not_found" time="0.263"><skipped type="pytest.skip" message="Login failed - skipping authenticated tests">/app/tests/test_register_autoasignar_ortoimagenes.py:162: Login failed - skipping authenticated tests</skipped></testcase><testcase classname="tests.test_register_autoasignar_ortoimagenes.TestAutoAsignacion" name="test_auto_asignar_success_flow" time="0.262"><skipped type="pytest.skip" message="Login failed - skipping authenticated tests">/app/tests/test_register_autoasignar_ortoimagenes.py:169: Login failed - skipping authenticated tests</skipped></testcase><testcase classname="tests.test_register_autoasignar_ortoimagenes.TestAutoAsignacion" name="test_auto_asignar_updates_petition_state" time="0.270"><skipped type="pytest.skip" message="Login failed - skipping authenticated tests">/app/tests/test_register_autoasignar_ortoimagenes.py:208: Login failed - skipping authenticated tests</skipped></testcase><testcase classname="tests.test_register_autoasignar_ortoimagenes.TestOrtoimagenesEndpoints" name="test_ortoimagenes_disponibles_returns_list" time="0.258"><skipped type="pytest.skip" message="Login failed - skipping authenticated tests">/app/tests/test_register_autoasignar_ortoimagenes.py:259: Login failed - skipping authenticated tests</skipped></testcase><testcase classname="tests.test_register_autoasignar_ortoimagenes.TestOrtoimagenesEndpoints" name="test_ortoimagenes_disponibles_structure" time="0.258"><skipped type="pytest.skip" message="Login failed - skipping authenticated tests">/app/tests/test_register_autoasignar_ortoimagenes.py:269: Login failed - skipping authenticated tests</skipped></testcase><testcase classname="tests.test_register_autoasignar_ortoimagenes.TestOrtoimagenesEndpoints" name="test_ortoimagenes_progreso_invalid_id" time="0.266"><skipped type="pytest.skip" message="Login failed - skipping authenticated tests">/app/tests/test_register_autoasignar_ortoimagenes.py:286: Login failed - skipping authenticated tests</skipped></testcase><testcase classname="tests.test_register_autoasignar_ortoimagenes.TestOrtoimagenesEndpoints" name="test_ortoimagenes_eliminar_requires_auth" time="0.261"><skipped type="pytest.skip" message="Login failed - skipping authenticated tests">/app/tests/test_register_autoasignar_ortoimagenes.py:299: Login failed - skipping authenticated tests</skipped></testcase><testcase classname="tests.test_register_autoasignar_ortoimagenes.TestOrtoimagenesEndpoints" name="test_ortoimagenes_eliminar_not_found" time="0.267"><skipped type="pytest.skip" message="Login failed - skipping authenticated tests">/app/tests/test_register_autoasignar_ortoimagenes.py:307: Login failed - skipping authenticated tests</skipped></testcase><testcase classname="tests.test_register_autoasignar_ortoimagenes.TestOrtoimagenesEndpoints" name="test_ortoimagenes_subir_requires_auth" time="0.270"><skipped type="pytest.skip" message="Login failed - skipping authenticated tests">/app/tests/test_register_autoasignar_ortoimagenes.py:313: Login failed - skipping authenticated tests</skipped></testcase><testcase classname="tests.test_register_autoasignar_ortoimagenes.TestOrtoimagenesEndpoints" name="test_ortoimagenes_subir_requires_geotiff" time="0.269"><skipped type="pytest.skip" message="Login failed - skipping authenticated tests">/app/tests/test_register_autoasignar_ortoimagenes.py:321: Login failed - skipping authenticated tests</skipped></testcase><testcase classname="tests.test_register_autoasignar_ortoimagenes.TestOrtoimagenesEndpoints" name="test_ortoimagenes_tiles_endpoint" time="0.279"><skipped type="pytest.skip" message="Login failed - skipping authenticated tests">/app/tests/test_register_autoasignar_ortoimagenes.py:346: Login failed - skipping authenticated tests</skipped></testcase><testcase classname="tests.test_register_autoasignar_ortoimagenes.TestVerifyEmailEndpoint" name="test_verify_email_invalid_code" time="0.049" /><testcase classname="tests.test_register_autoasignar_ortoimagenes.TestVerifyEmailEndpoint" name="test_resend_verification_nonexistent_user" time="0.043" /><testcase classname="tests.test_register_autoasignar_ortoimagenes.TestPetitionsEndpoints" name="test_create_petition_success" time="0.268"><skipped type="pytest.skip" message="Login failed - skipping authenticated tests">/app/tests/test_register_autoasignar_ortoimagenes.py:417: Login failed - skipping authenticated tests</skipped></testcase><testcase classname="tests.test_register_autoasignar_ortoimagenes.TestPetitionsEndpoints" name="test_list_petitions" time="0.264"><skipped type="pytest.skip" message="Login failed - skipping authenticated tests">/app/tests/test_register_autoasignar_ortoimagenes.py:433: Login failed - skipping authenticated tests</skipped></testcase></testsuite></testsuites>