<?xml version="1.0" encoding="utf-8"?><testsuites name="pytest tests"><testsuite name="pytest" errors="0" failures="2" skipped="0" tests="12" time="3.799" timestamp="2026-01-12T01:10:45.160264+00:00" hostname="agent-env-549583ce-cc9f-4554-86c4-11c5c3daef1e"><testcase classname="tests.test_usuario_role_and_historico.TestUserRoleRename" name="test_01_register_new_user_gets_usuario_role" time="0.283" /><testcase classname="tests.test_usuario_role_and_historico.TestUserRoleRename" name="test_02_get_me_returns_usuario_role" time="0.041" /><testcase classname="tests.test_usuario_role_and_historico.TestUserRoleRename" name="test_03_users_list_shows_usuario_role" time="0.307"><failure message="AssertionError: Found 19 users with 'ciudadano' role - should be 0&#10;assert 19 == 0&#10; +  where 19 = len([{'created_at': '2026-01-07T19:21:27.330400Z', 'email': 'test_special_192127@test.com', 'full_name': 'Test Special Chars User', 'id': 'ed122558-835c-4a8a-bb3d-d2b33a7d013f', ...}, {'created_at': '2026-01-07T19:21:28.011324Z', 'email': 'test_validation_ValidPass123!_192127@test.com', 'full_name': 'Test Validation User', 'id': 'e191e918-7ca5-48e9-88a0-661561ead941', ...}, {'created_at': '2026-01-07T20:02:32.940321Z', 'email': 'test_special_200232@test.com', 'full_name': 'Test Special Chars User', 'id': '1e1184ed-5b00-4746-9c18-9ea2aa39280e', ...}, {'created_at': '2026-01-07T20:02:33.644328Z', 'email': 'test_validation_ValidPass123!_200232@test.com', 'full_name': 'Test Validation User', 'id': '3148f04d-3cac-4851-8f02-180d482a82b4', ...}, {'created_at': '2026-01-07T21:52:31.839249Z', 'email': 'test_special_215231@test.com', 'full_name': 'Test Special Chars User', 'id': 'cb590906-f429-49b6-915f-f9e2c53aead4', ...}, {'created_at': '2026-01-07T21:52:32.601384Z', 'email': 'test_validation_ValidPass123!_215231@test.com', 'full_name': 'Test Validation User', 'id': 'b5be91d3-5712-4870-82ff-482ea597e3f1', ...}, ...])">tests/test_usuario_role_and_historico.py:89: in test_03_users_list_shows_usuario_role
    assert len(ciudadano_users) == 0, f"Found {len(ciudadano_users)} users with 'ciudadano' role - should be 0"
E   AssertionError: Found 19 users with 'ciudadano' role - should be 0
E   assert 19 == 0
E    +  where 19 = len([{'created_at': '2026-01-07T19:21:27.330400Z', 'email': 'test_special_192127@test.com', 'full_name': 'Test Special Chars User', 'id': 'ed122558-835c-4a8a-bb3d-d2b33a7d013f', ...}, {'created_at': '2026-01-07T19:21:28.011324Z', 'email': 'test_validation_ValidPass123!_192127@test.com', 'full_name': 'Test Validation User', 'id': 'e191e918-7ca5-48e9-88a0-661561ead941', ...}, {'created_at': '2026-01-07T20:02:32.940321Z', 'email': 'test_special_200232@test.com', 'full_name': 'Test Special Chars User', 'id': '1e1184ed-5b00-4746-9c18-9ea2aa39280e', ...}, {'created_at': '2026-01-07T20:02:33.644328Z', 'email': 'test_validation_ValidPass123!_200232@test.com', 'full_name': 'Test Validation User', 'id': '3148f04d-3cac-4851-8f02-180d482a82b4', ...}, {'created_at': '2026-01-07T21:52:31.839249Z', 'email': 'test_special_215231@test.com', 'full_name': 'Test Special Chars User', 'id': 'cb590906-f429-49b6-915f-f9e2c53aead4', ...}, {'created_at': '2026-01-07T21:52:32.601384Z', 'email': 'test_validation_ValidPass123!_215231@test.com', 'full_name': 'Test Validation User', 'id': 'b5be91d3-5712-4870-82ff-482ea597e3f1', ...}, ...])</failure></testcase><testcase classname="tests.test_usuario_role_and_historico.TestUserRoleRename" name="test_04_role_update_accepts_usuario" time="0.038" /><testcase classname="tests.test_usuario_role_and_historico.TestHistoricoTramites" name="test_01_get_all_petitions" time="0.442" /><testcase classname="tests.test_usuario_role_and_historico.TestHistoricoTramites" name="test_02_export_excel_endpoint_exists" time="0.621" /><testcase classname="tests.test_usuario_role_and_historico.TestHistoricoTramites" name="test_03_export_excel_with_filters" time="0.942" /><testcase classname="tests.test_usuario_role_and_historico.TestHistoricoTramites" name="test_04_export_excel_forbidden_for_usuario" time="0.301" /><testcase classname="tests.test_usuario_role_and_historico.TestHistoricoTramites" name="test_05_get_gestores_list" time="0.037" /><testcase classname="tests.test_usuario_role_and_historico.TestDashboardStats" name="test_01_dashboard_stats" time="0.325" /><testcase classname="tests.test_usuario_role_and_historico.TestUserManagement" name="test_01_get_users_list" time="0.306" /><testcase classname="tests.test_usuario_role_and_historico.TestUserManagement" name="test_02_valid_roles_in_system" time="0.077"><failure message="AssertionError: Invalid role 'ciudadano' for user test_special_192127@test.com&#10;assert 'ciudadano' in ['usuario', 'atencion_usuario', 'gestor', 'coordinador', 'administrador', 'comunicaciones']">tests/test_usuario_role_and_historico.py:303: in test_02_valid_roles_in_system
    assert role in valid_roles, f"Invalid role '{role}' for user {user.get('email')}"
E   AssertionError: Invalid role 'ciudadano' for user test_special_192127@test.com
E   assert 'ciudadano' in ['usuario', 'atencion_usuario', 'gestor', 'coordinador', 'administrador', 'comunicaciones']</failure></testcase></testsuite></testsuites>