<?xml version="1.0" encoding="utf-8"?><testsuites name="pytest tests"><testsuite name="pytest" errors="0" failures="0" skipped="0" tests="13" time="3.085" timestamp="2026-01-08T21:18:33.408843+00:00" hostname="agent-env-5f7382ce-7f1b-4337-b967-c616c3b010ee"><testcase classname="tests.test_permissions_and_predios.TestPermissionsAvailable" name="test_get_available_permissions_success" time="0.427" /><testcase classname="tests.test_permissions_and_predios.TestPermissionsAvailable" name="test_get_available_permissions_unauthorized" time="0.064" /><testcase classname="tests.test_permissions_and_predios.TestPermissionsUsers" name="test_get_users_with_permissions" time="0.061" /><testcase classname="tests.test_permissions_and_predios.TestPermissionsUsers" name="test_users_have_permissions_detail" time="0.055" /><testcase classname="tests.test_permissions_and_predios.TestUpdateUserPermissions" name="test_update_user_permissions_success" time="0.129" /><testcase classname="tests.test_permissions_and_predios.TestUpdateUserPermissions" name="test_verify_permissions_updated" time="0.066" /><testcase classname="tests.test_permissions_and_predios.TestUpdateUserPermissions" name="test_update_with_invalid_permission" time="0.067" /><testcase classname="tests.test_permissions_and_predios.TestUpdateUserPermissions" name="test_update_nonexistent_user" time="0.042" /><testcase classname="tests.test_permissions_and_predios.TestPrediosTieneGeometriaFilter" name="test_filter_predios_sin_geometria" time="0.395" /><testcase classname="tests.test_permissions_and_predios.TestPrediosTieneGeometriaFilter" name="test_filter_predios_con_geometria" time="0.380" /><testcase classname="tests.test_permissions_and_predios.TestPrediosTieneGeometriaFilter" name="test_combined_filter_geometria_and_search" time="0.451" /><testcase classname="tests.test_permissions_and_predios.TestPrediosTieneGeometriaFilter" name="test_combined_filter_geometria_and_municipio" time="0.370" /><testcase classname="tests.test_permissions_and_predios.TestPermissionsAccessControl" name="test_ciudadano_cannot_access_permissions" time="0.343" /></testsuite></testsuites>